{
"contracts/ChatApp.sol":{"l":{"35":0,"41":0,"42":0,"45":0,"46":0,"51":0,"53":0,"59":0,"61":0,"63":0,"65":0,"67":0,"68":0,"73":0,"74":0,"75":0,"76":0,"79":0,"80":0,"82":0,"86":0,"87":0,"92":0,"97":0,"98":0,"104":0,"105":0,"106":0,"108":0,"109":0,"110":0,"115":0,"116":0,"121":0},"path":"/Users/melise/Desktop/fyp/fyp/ChainTalk copy b/BackEnd/contracts/ChatApp.sol","s":{"1":0,"2":0,"3":0,"4":0,"5":0,"6":0,"7":0,"8":0,"9":0,"10":0,"11":0,"12":0,"13":0,"14":0,"15":0,"16":0,"17":0,"18":0,"19":0,"20":0,"21":0,"22":0,"23":0,"24":0,"25":0,"26":0,"27":0,"28":0,"29":0,"30":0,"31":0,"32":0,"33":0},"b":{"1":[0,0],"2":[0,0],"3":[0,0],"4":[0,0],"5":[0,0],"6":[0,0],"7":[0,0],"8":[0,0],"9":[0,0],"10":[0,0],"11":[0,0],"12":[0,0],"13":[0,0]},"f":{"1":0,"2":0,"3":0,"4":0,"5":0,"6":0,"7":0,"8":0,"9":0,"10":0,"11":0},"fnMap":{"1":{"name":"checkUserExist","line":34,"loc":{"start":{"line":34,"column":4},"end":{"line":36,"column":4}}},"2":{"name":"createAccount","line":39,"loc":{"start":{"line":39,"column":4},"end":{"line":47,"column":4}}},"3":{"name":"getUsername","line":50,"loc":{"start":{"line":50,"column":4},"end":{"line":54,"column":4}}},"4":{"name":"addFriend","line":57,"loc":{"start":{"line":57,"column":4},"end":{"line":69,"column":4}}},"5":{"name":"checkAlreadyFriends","line":71,"loc":{"start":{"line":71,"column":4},"end":{"line":83,"column":4}}},"6":{"name":"_addFriend","line":85,"loc":{"start":{"line":85,"column":4},"end":{"line":88,"column":4}}},"7":{"name":"getMyFriendList","line":91,"loc":{"start":{"line":91,"column":4},"end":{"line":93,"column":4}}},"8":{"name":"_getChatCode","line":96,"loc":{"start":{"line":96,"column":4},"end":{"line":100,"column":4}}},"9":{"name":"sendMessage","line":103,"loc":{"start":{"line":103,"column":4},"end":{"line":111,"column":4}}},"10":{"name":"readMessage","line":114,"loc":{"start":{"line":114,"column":4},"end":{"line":117,"column":4}}},"11":{"name":"getAllAppUser","line":120,"loc":{"start":{"line":120,"column":4},"end":{"line":122,"column":4}}}},"statementMap":{"1":{"start":{"line":35,"column":8},"end":{"line":35,"column":54}},"2":{"start":{"line":41,"column":8},"end":{"line":41,"column":72}},"3":{"start":{"line":42,"column":8},"end":{"line":42,"column":63}},"4":{"start":{"line":46,"column":8},"end":{"line":46,"column":55}},"5":{"start":{"line":51,"column":8},"end":{"line":51,"column":64}},"6":{"start":{"line":53,"column":8},"end":{"line":53,"column":36}},"7":{"start":{"line":59,"column":8},"end":{"line":59,"column":68}},"8":{"start":{"line":61,"column":8},"end":{"line":61,"column":68}},"9":{"start":{"line":63,"column":8},"end":{"line":63,"column":82}},"10":{"start":{"line":65,"column":8},"end":{"line":65,"column":101}},"11":{"start":{"line":67,"column":8},"end":{"line":67,"column":45}},"12":{"start":{"line":68,"column":8},"end":{"line":68,"column":66}},"13":{"start":{"line":73,"column":8},"end":{"line":73,"column":2347}},"14":{"start":{"line":74,"column":12},"end":{"line":74,"column":33}},"15":{"start":{"line":79,"column":8},"end":{"line":79,"column":2539}},"16":{"start":{"line":80,"column":12},"end":{"line":80,"column":75}},"17":{"start":{"line":80,"column":64},"end":{"line":80,"column":75}},"18":{"start":{"line":82,"column":8},"end":{"line":82,"column":20}},"19":{"start":{"line":86,"column":8},"end":{"line":86,"column":57}},"20":{"start":{"line":87,"column":8},"end":{"line":87,"column":46}},"21":{"start":{"line":92,"column":8},"end":{"line":92,"column":46}},"22":{"start":{"line":97,"column":8},"end":{"line":97,"column":3263}},"23":{"start":{"line":98,"column":12},"end":{"line":98,"column":63}},"24":{"start":{"line":99,"column":14},"end":{"line":99,"column":65}},"25":{"start":{"line":104,"column":8},"end":{"line":104,"column":68}},"26":{"start":{"line":105,"column":8},"end":{"line":105,"column":68}},"27":{"start":{"line":106,"column":8},"end":{"line":106,"column":101}},"28":{"start":{"line":108,"column":8},"end":{"line":108,"column":62}},"29":{"start":{"line":109,"column":8},"end":{"line":109,"column":73}},"30":{"start":{"line":110,"column":8},"end":{"line":110,"column":41}},"31":{"start":{"line":115,"column":8},"end":{"line":115,"column":62}},"32":{"start":{"line":116,"column":8},"end":{"line":116,"column":36}},"33":{"start":{"line":121,"column":8},"end":{"line":121,"column":26}}},"branchMap":{"1":{"line":41,"type":"if","locations":[{"start":{"line":41,"column":8},"end":{"line":41,"column":8}},{"start":{"line":41,"column":8},"end":{"line":41,"column":8}}]},"2":{"line":42,"type":"if","locations":[{"start":{"line":42,"column":8},"end":{"line":42,"column":8}},{"start":{"line":42,"column":8},"end":{"line":42,"column":8}}]},"3":{"line":51,"type":"if","locations":[{"start":{"line":51,"column":8},"end":{"line":51,"column":8}},{"start":{"line":51,"column":8},"end":{"line":51,"column":8}}]},"4":{"line":59,"type":"if","locations":[{"start":{"line":59,"column":8},"end":{"line":59,"column":8}},{"start":{"line":59,"column":8},"end":{"line":59,"column":8}}]},"5":{"line":61,"type":"if","locations":[{"start":{"line":61,"column":8},"end":{"line":61,"column":8}},{"start":{"line":61,"column":8},"end":{"line":61,"column":8}}]},"6":{"line":63,"type":"if","locations":[{"start":{"line":63,"column":8},"end":{"line":63,"column":8}},{"start":{"line":63,"column":8},"end":{"line":63,"column":8}}]},"7":{"line":65,"type":"if","locations":[{"start":{"line":65,"column":8},"end":{"line":65,"column":8}},{"start":{"line":65,"column":8},"end":{"line":65,"column":8}}]},"8":{"line":73,"type":"if","locations":[{"start":{"line":73,"column":8},"end":{"line":73,"column":8}},{"start":{"line":73,"column":8},"end":{"line":73,"column":8}}]},"9":{"line":80,"type":"if","locations":[{"start":{"line":80,"column":12},"end":{"line":80,"column":12}},{"start":{"line":80,"column":12},"end":{"line":80,"column":12}}]},"10":{"line":97,"type":"if","locations":[{"start":{"line":97,"column":8},"end":{"line":97,"column":8}},{"start":{"line":97,"column":8},"end":{"line":97,"column":8}}]},"11":{"line":104,"type":"if","locations":[{"start":{"line":104,"column":8},"end":{"line":104,"column":8}},{"start":{"line":104,"column":8},"end":{"line":104,"column":8}}]},"12":{"line":105,"type":"if","locations":[{"start":{"line":105,"column":8},"end":{"line":105,"column":8}},{"start":{"line":105,"column":8},"end":{"line":105,"column":8}}]},"13":{"line":106,"type":"if","locations":[{"start":{"line":106,"column":8},"end":{"line":106,"column":8}},{"start":{"line":106,"column":8},"end":{"line":106,"column":8}}]}}},
"contracts/ERC735.sol":{"l":{"68":0,"69":0,"82":0,"93":0,"94":0,"102":0,"103":0,"112":0,"116":0,"117":0,"119":0,"120":0,"121":0,"122":0,"123":0,"124":0,"126":0,"127":0,"131":0,"140":0},"path":"/Users/melise/Desktop/fyp/fyp/ChainTalk copy b/BackEnd/contracts/ERC735.sol","s":{"1":0,"2":0,"3":0,"4":0,"5":0,"6":0,"7":0,"8":0,"9":0,"10":0,"11":0,"12":0,"13":0,"14":0,"15":0,"16":0},"b":{"1":[0,0],"2":[0,0],"3":[0,0]},"f":{"1":0,"2":0,"3":0,"4":0},"fnMap":{"1":{"name":"getClaim","line":54,"loc":{"start":{"line":54,"column":4},"end":{"line":77,"column":4}}},"2":{"name":"getClaimIdsByType","line":79,"loc":{"start":{"line":79,"column":4},"end":{"line":83,"column":4}}},"3":{"name":"addClaim","line":85,"loc":{"start":{"line":85,"column":4},"end":{"line":113,"column":4}}},"4":{"name":"removeClaim","line":115,"loc":{"start":{"line":115,"column":4},"end":{"line":141,"column":4}}}},"statementMap":{"1":{"start":{"line":68,"column":8},"end":{"line":68,"column":46}},"2":{"start":{"line":69,"column":8},"end":{"line":69,"column":1605}},"3":{"start":{"line":82,"column":8},"end":{"line":82,"column":41}},"4":{"start":{"line":93,"column":8},"end":{"line":93,"column":77}},"5":{"start":{"line":102,"column":8},"end":{"line":102,"column":50}},"6":{"start":{"line":103,"column":8},"end":{"line":103,"column":2488}},"7":{"start":{"line":112,"column":8},"end":{"line":112,"column":25}},"8":{"start":{"line":116,"column":8},"end":{"line":116,"column":53}},"9":{"start":{"line":119,"column":8},"end":{"line":119,"column":54}},"10":{"start":{"line":120,"column":8},"end":{"line":120,"column":66}},"11":{"start":{"line":121,"column":8},"end":{"line":121,"column":3007}},"12":{"start":{"line":122,"column":12},"end":{"line":122,"column":3075}},"13":{"start":{"line":123,"column":16},"end":{"line":123,"column":3130}},"14":{"start":{"line":126,"column":16},"end":{"line":126,"column":33}},"15":{"start":{"line":131,"column":8},"end":{"line":131,"column":3346}},"16":{"start":{"line":140,"column":8},"end":{"line":140,"column":19}}},"branchMap":{"1":{"line":116,"type":"if","locations":[{"start":{"line":116,"column":8},"end":{"line":116,"column":8}},{"start":{"line":116,"column":8},"end":{"line":116,"column":8}}]},"2":{"line":122,"type":"if","locations":[{"start":{"line":122,"column":12},"end":{"line":122,"column":12}},{"start":{"line":122,"column":12},"end":{"line":122,"column":12}}]},"3":{"line":123,"type":"if","locations":[{"start":{"line":123,"column":16},"end":{"line":123,"column":16}},{"start":{"line":123,"column":16},"end":{"line":123,"column":16}}]}}},
"contracts/MessageStorage.sol":{"l":{"35":6,"44":6,"50":6,"52":6,"53":6,"54":6,"56":6,"63":6,"76":0,"77":0,"79":0,"80":0,"82":0,"83":0,"87":0,"89":0,"90":0,"91":0,"94":0,"95":0,"96":0,"99":0,"101":0,"107":0,"108":0,"109":0,"110":0,"111":0,"112":0,"120":7,"125":1,"130":1,"134":1,"140":1},"path":"/Users/melise/Desktop/fyp/fyp/ChainTalk copy b/BackEnd/contracts/MessageStorage.sol","s":{"1":6,"2":6,"3":6,"4":6,"5":6,"6":6,"7":6,"8":6,"9":0,"10":0,"11":0,"12":0,"13":0,"14":0,"15":0,"16":0,"17":0,"18":0,"19":0,"20":0,"21":0,"22":0,"23":0,"24":7,"25":1,"26":1},"b":{"1":[0,0],"2":[1,0],"3":[1,0]},"f":{"1":6,"2":6,"3":0,"4":0,"5":7,"6":1,"7":1,"8":0},"fnMap":{"1":{"name":"sendMessage","line":34,"loc":{"start":{"line":34,"column":4},"end":{"line":57,"column":4}}},"2":{"name":"_getChatCode","line":59,"loc":{"start":{"line":59,"column":4},"end":{"line":64,"column":4}}},"3":{"name":"readFriendMessage","line":73,"loc":{"start":{"line":73,"column":4},"end":{"line":102,"column":4}}},"4":{"name":"sortMessagesByTimestamp","line":104,"loc":{"start":{"line":104,"column":4},"end":{"line":116,"column":4}}},"5":{"name":"getMyMessages","line":119,"loc":{"start":{"line":119,"column":4},"end":{"line":121,"column":4}}},"6":{"name":"markAsRead","line":124,"loc":{"start":{"line":124,"column":4},"end":{"line":131,"column":4}}},"7":{"name":"deleteMessage","line":133,"loc":{"start":{"line":133,"column":4},"end":{"line":141,"column":4}}},"8":{"name":null,"line":143,"loc":{"start":{"line":143,"column":4},"end":{"line":143,"column":33}}}},"statementMap":{"1":{"start":{"line":35,"column":8},"end":{"line":35,"column":1218}},"2":{"start":{"line":44,"column":8},"end":{"line":44,"column":1471}},"3":{"start":{"line":50,"column":8},"end":{"line":50,"column":63}},"4":{"start":{"line":52,"column":8},"end":{"line":52,"column":48}},"5":{"start":{"line":53,"column":8},"end":{"line":53,"column":48}},"6":{"start":{"line":54,"column":8},"end":{"line":54,"column":50}},"7":{"start":{"line":56,"column":8},"end":{"line":56,"column":58}},"8":{"start":{"line":63,"column":8},"end":{"line":63,"column":58}},"9":{"start":{"line":76,"column":8},"end":{"line":76,"column":68}},"10":{"start":{"line":77,"column":8},"end":{"line":77,"column":68}},"11":{"start":{"line":79,"column":8},"end":{"line":79,"column":64}},"12":{"start":{"line":80,"column":8},"end":{"line":80,"column":64}},"13":{"start":{"line":82,"column":8},"end":{"line":82,"column":65}},"14":{"start":{"line":83,"column":8},"end":{"line":83,"column":2880}},"15":{"start":{"line":87,"column":8},"end":{"line":87,"column":25}},"16":{"start":{"line":89,"column":8},"end":{"line":89,"column":3012}},"17":{"start":{"line":94,"column":8},"end":{"line":94,"column":3149}},"18":{"start":{"line":99,"column":8},"end":{"line":99,"column":48}},"19":{"start":{"line":101,"column":8},"end":{"line":101,"column":31}},"20":{"start":{"line":107,"column":8},"end":{"line":107,"column":3496}},"21":{"start":{"line":108,"column":12},"end":{"line":108,"column":3564}},"22":{"start":{"line":109,"column":16},"end":{"line":109,"column":3636}},"23":{"start":{"line":110,"column":20},"end":{"line":110,"column":58}},"24":{"start":{"line":120,"column":8},"end":{"line":120,"column":39}},"25":{"start":{"line":125,"column":8},"end":{"line":125,"column":4175}},"26":{"start":{"line":134,"column":8},"end":{"line":134,"column":4430}}},"branchMap":{"1":{"line":109,"type":"if","locations":[{"start":{"line":109,"column":16},"end":{"line":109,"column":16}},{"start":{"line":109,"column":16},"end":{"line":109,"column":16}}]},"2":{"line":125,"type":"if","locations":[{"start":{"line":125,"column":8},"end":{"line":125,"column":8}},{"start":{"line":125,"column":8},"end":{"line":125,"column":8}}]},"3":{"line":134,"type":"if","locations":[{"start":{"line":134,"column":8},"end":{"line":134,"column":8}},{"start":{"line":134,"column":8},"end":{"line":134,"column":8}}]}}},
"contracts/Soulbound.sol":{"l":{"21":5,"22":3,"26":0,"30":3,"31":3,"39":0,"52":0,"54":0,"55":0,"56":0,"58":0,"63":0},"path":"/Users/melise/Desktop/fyp/fyp/ChainTalk copy b/BackEnd/contracts/Soulbound.sol","s":{"1":5,"2":3,"3":0,"4":3,"5":0,"6":0,"7":0,"8":0,"9":0,"10":0,"11":0},"b":{"1":[3,2],"2":[0,0],"3":[0,0]},"f":{"1":6,"2":5,"3":0,"4":3,"5":0,"6":0,"7":0},"fnMap":{"1":{"name":"constructor","line":14,"loc":{"start":{"line":14,"column":4},"end":{"line":14,"column":46}}},"2":{"name":"_beforeTokenTransfer","line":16,"loc":{"start":{"line":16,"column":4},"end":{"line":23,"column":4}}},"3":{"name":"getTokenCounter","line":25,"loc":{"start":{"line":25,"column":4},"end":{"line":27,"column":4}}},"4":{"name":"safeMint","line":29,"loc":{"start":{"line":29,"column":4},"end":{"line":32,"column":4}}},"5":{"name":"_burn","line":36,"loc":{"start":{"line":36,"column":4},"end":{"line":40,"column":4}}},"6":{"name":"tokenURI","line":49,"loc":{"start":{"line":49,"column":4},"end":{"line":60,"column":4}}},"7":{"name":"_baseURI","line":62,"loc":{"start":{"line":62,"column":4},"end":{"line":64,"column":4}}}},"statementMap":{"1":{"start":{"line":21,"column":8},"end":{"line":21,"column":60}},"2":{"start":{"line":22,"column":8},"end":{"line":22,"column":52}},"3":{"start":{"line":26,"column":8},"end":{"line":26,"column":30}},"4":{"start":{"line":31,"column":8},"end":{"line":31,"column":37}},"5":{"start":{"line":39,"column":8},"end":{"line":39,"column":27}},"6":{"start":{"line":52,"column":8},"end":{"line":52,"column":67}},"7":{"start":{"line":54,"column":8},"end":{"line":54,"column":42}},"8":{"start":{"line":55,"column":8},"end":{"line":55,"column":1624}},"9":{"start":{"line":56,"column":12},"end":{"line":56,"column":72}},"10":{"start":{"line":58,"column":12},"end":{"line":58,"column":42}},"11":{"start":{"line":63,"column":8},"end":{"line":63,"column":43}}},"branchMap":{"1":{"line":21,"type":"if","locations":[{"start":{"line":21,"column":8},"end":{"line":21,"column":8}},{"start":{"line":21,"column":8},"end":{"line":21,"column":8}}]},"2":{"line":52,"type":"if","locations":[{"start":{"line":52,"column":8},"end":{"line":52,"column":8}},{"start":{"line":52,"column":8},"end":{"line":52,"column":8}}]},"3":{"line":55,"type":"if","locations":[{"start":{"line":55,"column":8},"end":{"line":55,"column":8}},{"start":{"line":55,"column":8},"end":{"line":55,"column":8}}]}}},
"contracts/UserRegistrationAndAuthentication.sol":{"l":{"60":3,"68":0,"69":0,"78":0,"80":0,"89":0,"92":0,"93":0,"94":0,"97":0,"98":0,"106":0,"114":0,"122":0,"123":0,"131":0,"132":0,"133":0,"141":0,"142":0,"150":0,"158":0,"160":0,"164":0,"173":0,"175":0,"183":0,"188":0,"190":0,"200":0,"202":0,"203":0,"208":0,"209":0,"213":0,"216":0,"217":0,"218":0,"219":0,"220":0,"223":0,"224":0,"225":0,"228":0,"229":0,"234":0,"235":0,"240":0,"246":0,"247":0,"248":0,"251":0,"255":0,"258":0,"259":0,"262":0,"265":0,"268":0,"278":0,"281":0,"287":0,"288":0,"294":0,"295":0,"296":0},"path":"/Users/melise/Desktop/fyp/fyp/ChainTalk copy b/BackEnd/contracts/UserRegistrationAndAuthentication.sol","s":{"1":0,"2":0,"3":0,"4":0,"5":0,"6":0,"7":0,"8":0,"9":0,"10":0,"11":0,"12":0,"13":0,"14":0,"15":0,"16":0,"17":0,"18":0,"19":0,"20":0,"21":0,"22":0,"23":0,"24":0,"25":0,"26":0,"27":0,"28":0,"29":0,"30":0,"31":0,"32":0,"33":0,"34":0,"35":0,"36":0,"37":0,"38":0,"39":0,"40":0,"41":0,"42":0,"43":0,"44":0,"45":0,"46":0,"47":0,"48":0,"49":0,"50":0,"51":0},"b":{"1":[0,0],"2":[0,0],"3":[0,0],"4":[0,0],"5":[0,0],"6":[0,0],"7":[0,0],"8":[0,0],"9":[0,0],"10":[0,0],"11":[0,0],"12":[0,0],"13":[0,0],"14":[0,0]},"f":{"1":3,"2":0,"3":0,"4":0,"5":0,"6":0,"7":0,"8":0,"9":0,"10":0,"11":0,"12":0,"13":0,"14":0,"15":0,"16":0},"fnMap":{"1":{"name":"constructor","line":59,"loc":{"start":{"line":59,"column":4},"end":{"line":61,"column":4}}},"2":{"name":"deployIdentityContract","line":67,"loc":{"start":{"line":67,"column":4},"end":{"line":70,"column":4}}},"3":{"name":"registerUser","line":73,"loc":{"start":{"line":73,"column":4},"end":{"line":161,"column":4}}},"4":{"name":"checkUserExists","line":163,"loc":{"start":{"line":163,"column":4},"end":{"line":165,"column":4}}},"5":{"name":"getMyUserInfo","line":168,"loc":{"start":{"line":168,"column":4},"end":{"line":180,"column":4}}},"6":{"name":"checkUserExist","line":182,"loc":{"start":{"line":182,"column":4},"end":{"line":184,"column":4}}},"7":{"name":"getUsername","line":187,"loc":{"start":{"line":187,"column":4},"end":{"line":191,"column":4}}},"8":{"name":"authenticate","line":199,"loc":{"start":{"line":199,"column":4},"end":{"line":204,"column":4}}},"9":{"name":"addFriend","line":206,"loc":{"start":{"line":206,"column":4},"end":{"line":230,"column":4}}},"10":{"name":"getMyFriendList","line":233,"loc":{"start":{"line":233,"column":4},"end":{"line":236,"column":4}}},"11":{"name":"getAllAppUser","line":239,"loc":{"start":{"line":239,"column":4},"end":{"line":241,"column":4}}},"12":{"name":"getUser","line":243,"loc":{"start":{"line":243,"column":4},"end":{"line":252,"column":4}}},"13":{"name":"uploadClaims","line":254,"loc":{"start":{"line":254,"column":4},"end":{"line":282,"column":4}}},"14":{"name":"getSoulboundTokenId","line":284,"loc":{"start":{"line":284,"column":4},"end":{"line":289,"column":4}}},"15":{"name":"getSoulboundTokenURI","line":291,"loc":{"start":{"line":291,"column":4},"end":{"line":297,"column":4}}},"16":{"name":null,"line":299,"loc":{"start":{"line":299,"column":4},"end":{"line":299,"column":33}}}},"statementMap":{"1":{"start":{"line":69,"column":8},"end":{"line":69,"column":72}},"2":{"start":{"line":78,"column":8},"end":{"line":78,"column":74}},"3":{"start":{"line":80,"column":8},"end":{"line":80,"column":2510}},"4":{"start":{"line":92,"column":8},"end":{"line":92,"column":62}},"5":{"start":{"line":93,"column":8},"end":{"line":93,"column":42}},"6":{"start":{"line":97,"column":8},"end":{"line":97,"column":32}},"7":{"start":{"line":122,"column":8},"end":{"line":122,"column":68}},"8":{"start":{"line":131,"column":8},"end":{"line":131,"column":40}},"9":{"start":{"line":132,"column":8},"end":{"line":132,"column":65}},"10":{"start":{"line":141,"column":8},"end":{"line":141,"column":54}},"11":{"start":{"line":150,"column":8},"end":{"line":150,"column":4586}},"12":{"start":{"line":160,"column":8},"end":{"line":160,"column":54}},"13":{"start":{"line":164,"column":8},"end":{"line":164,"column":36}},"14":{"start":{"line":173,"column":8},"end":{"line":173,"column":69}},"15":{"start":{"line":175,"column":8},"end":{"line":175,"column":5319}},"16":{"start":{"line":183,"column":8},"end":{"line":183,"column":51}},"17":{"start":{"line":188,"column":8},"end":{"line":188,"column":64}},"18":{"start":{"line":190,"column":8},"end":{"line":190,"column":33}},"19":{"start":{"line":200,"column":8},"end":{"line":200,"column":69}},"20":{"start":{"line":202,"column":8},"end":{"line":202,"column":60}},"21":{"start":{"line":203,"column":8},"end":{"line":203,"column":27}},"22":{"start":{"line":208,"column":8},"end":{"line":208,"column":70}},"23":{"start":{"line":209,"column":8},"end":{"line":209,"column":6575}},"24":{"start":{"line":213,"column":8},"end":{"line":213,"column":75}},"25":{"start":{"line":216,"column":8},"end":{"line":216,"column":29}},"26":{"start":{"line":217,"column":8},"end":{"line":217,"column":6855}},"27":{"start":{"line":218,"column":12},"end":{"line":218,"column":6939}},"28":{"start":{"line":223,"column":8},"end":{"line":223,"column":53}},"29":{"start":{"line":224,"column":8},"end":{"line":224,"column":56}},"30":{"start":{"line":225,"column":8},"end":{"line":225,"column":52}},"31":{"start":{"line":228,"column":8},"end":{"line":228,"column":56}},"32":{"start":{"line":229,"column":8},"end":{"line":229,"column":52}},"33":{"start":{"line":234,"column":8},"end":{"line":234,"column":69}},"34":{"start":{"line":235,"column":8},"end":{"line":235,"column":43}},"35":{"start":{"line":240,"column":8},"end":{"line":240,"column":26}},"36":{"start":{"line":246,"column":8},"end":{"line":246,"column":7889}},"37":{"start":{"line":247,"column":12},"end":{"line":247,"column":7956}},"38":{"start":{"line":248,"column":16},"end":{"line":248,"column":37}},"39":{"start":{"line":251,"column":8},"end":{"line":251,"column":34}},"40":{"start":{"line":255,"column":8},"end":{"line":255,"column":61}},"41":{"start":{"line":258,"column":8},"end":{"line":258,"column":56}},"42":{"start":{"line":259,"column":8},"end":{"line":259,"column":48}},"43":{"start":{"line":262,"column":8},"end":{"line":262,"column":67}},"44":{"start":{"line":265,"column":8},"end":{"line":265,"column":60}},"45":{"start":{"line":268,"column":8},"end":{"line":268,"column":8698}},"46":{"start":{"line":278,"column":8},"end":{"line":278,"column":63}},"47":{"start":{"line":287,"column":8},"end":{"line":287,"column":61}},"48":{"start":{"line":288,"column":8},"end":{"line":288,"column":50}},"49":{"start":{"line":294,"column":8},"end":{"line":294,"column":61}},"50":{"start":{"line":295,"column":8},"end":{"line":295,"column":61}},"51":{"start":{"line":296,"column":8},"end":{"line":296,"column":47}}},"branchMap":{"1":{"line":78,"type":"if","locations":[{"start":{"line":78,"column":8},"end":{"line":78,"column":8}},{"start":{"line":78,"column":8},"end":{"line":78,"column":8}}]},"2":{"line":173,"type":"if","locations":[{"start":{"line":173,"column":8},"end":{"line":173,"column":8}},{"start":{"line":173,"column":8},"end":{"line":173,"column":8}}]},"3":{"line":188,"type":"if","locations":[{"start":{"line":188,"column":8},"end":{"line":188,"column":8}},{"start":{"line":188,"column":8},"end":{"line":188,"column":8}}]},"4":{"line":200,"type":"if","locations":[{"start":{"line":200,"column":8},"end":{"line":200,"column":8}},{"start":{"line":200,"column":8},"end":{"line":200,"column":8}}]},"5":{"line":208,"type":"if","locations":[{"start":{"line":208,"column":8},"end":{"line":208,"column":8}},{"start":{"line":208,"column":8},"end":{"line":208,"column":8}}]},"6":{"line":209,"type":"if","locations":[{"start":{"line":209,"column":8},"end":{"line":209,"column":8}},{"start":{"line":209,"column":8},"end":{"line":209,"column":8}}]},"7":{"line":213,"type":"if","locations":[{"start":{"line":213,"column":8},"end":{"line":213,"column":8}},{"start":{"line":213,"column":8},"end":{"line":213,"column":8}}]},"8":{"line":218,"type":"if","locations":[{"start":{"line":218,"column":12},"end":{"line":218,"column":12}},{"start":{"line":218,"column":12},"end":{"line":218,"column":12}}]},"9":{"line":223,"type":"if","locations":[{"start":{"line":223,"column":8},"end":{"line":223,"column":8}},{"start":{"line":223,"column":8},"end":{"line":223,"column":8}}]},"10":{"line":234,"type":"if","locations":[{"start":{"line":234,"column":8},"end":{"line":234,"column":8}},{"start":{"line":234,"column":8},"end":{"line":234,"column":8}}]},"11":{"line":247,"type":"if","locations":[{"start":{"line":247,"column":12},"end":{"line":247,"column":12}},{"start":{"line":247,"column":12},"end":{"line":247,"column":12}}]},"12":{"line":255,"type":"if","locations":[{"start":{"line":255,"column":8},"end":{"line":255,"column":8}},{"start":{"line":255,"column":8},"end":{"line":255,"column":8}}]},"13":{"line":287,"type":"if","locations":[{"start":{"line":287,"column":8},"end":{"line":287,"column":8}},{"start":{"line":287,"column":8},"end":{"line":287,"column":8}}]},"14":{"line":294,"type":"if","locations":[{"start":{"line":294,"column":8},"end":{"line":294,"column":8}},{"start":{"line":294,"column":8},"end":{"line":294,"column":8}}]}}}}
