{
"contracts/ChatApp.sol":{"l":{"35":0,"41":0,"42":0,"45":0,"46":0,"51":0,"53":0,"59":0,"61":0,"63":0,"65":0,"67":0,"68":0,"73":0,"74":0,"75":0,"76":0,"79":0,"80":0,"82":0,"86":0,"87":0,"92":0,"97":0,"98":0,"104":0,"105":0,"106":0,"108":0,"109":0,"110":0,"115":0,"116":0,"121":0},"path":"/Users/melise/Desktop/ChainTalk/contracts/ChatApp.sol","s":{"1":0,"2":0,"3":0,"4":0,"5":0,"6":0,"7":0,"8":0,"9":0,"10":0,"11":0,"12":0,"13":0,"14":0,"15":0,"16":0,"17":0,"18":0,"19":0,"20":0,"21":0,"22":0,"23":0,"24":0,"25":0,"26":0,"27":0,"28":0,"29":0,"30":0,"31":0,"32":0,"33":0},"b":{"1":[0,0],"2":[0,0],"3":[0,0],"4":[0,0],"5":[0,0],"6":[0,0],"7":[0,0],"8":[0,0],"9":[0,0],"10":[0,0],"11":[0,0],"12":[0,0],"13":[0,0]},"f":{"1":0,"2":0,"3":0,"4":0,"5":0,"6":0,"7":0,"8":0,"9":0,"10":0,"11":0},"fnMap":{"1":{"name":"checkUserExist","line":34,"loc":{"start":{"line":34,"column":4},"end":{"line":36,"column":4}}},"2":{"name":"createAccount","line":39,"loc":{"start":{"line":39,"column":4},"end":{"line":47,"column":4}}},"3":{"name":"getUsername","line":50,"loc":{"start":{"line":50,"column":4},"end":{"line":54,"column":4}}},"4":{"name":"addFriend","line":57,"loc":{"start":{"line":57,"column":4},"end":{"line":69,"column":4}}},"5":{"name":"checkAlreadyFriends","line":71,"loc":{"start":{"line":71,"column":4},"end":{"line":83,"column":4}}},"6":{"name":"_addFriend","line":85,"loc":{"start":{"line":85,"column":4},"end":{"line":88,"column":4}}},"7":{"name":"getMyFriendList","line":91,"loc":{"start":{"line":91,"column":4},"end":{"line":93,"column":4}}},"8":{"name":"_getChatCode","line":96,"loc":{"start":{"line":96,"column":4},"end":{"line":100,"column":4}}},"9":{"name":"sendMessage","line":103,"loc":{"start":{"line":103,"column":4},"end":{"line":111,"column":4}}},"10":{"name":"readMessage","line":114,"loc":{"start":{"line":114,"column":4},"end":{"line":117,"column":4}}},"11":{"name":"getAllAppUser","line":120,"loc":{"start":{"line":120,"column":4},"end":{"line":122,"column":4}}}},"statementMap":{"1":{"start":{"line":35,"column":8},"end":{"line":35,"column":54}},"2":{"start":{"line":41,"column":8},"end":{"line":41,"column":72}},"3":{"start":{"line":42,"column":8},"end":{"line":42,"column":63}},"4":{"start":{"line":46,"column":8},"end":{"line":46,"column":55}},"5":{"start":{"line":51,"column":8},"end":{"line":51,"column":64}},"6":{"start":{"line":53,"column":8},"end":{"line":53,"column":36}},"7":{"start":{"line":59,"column":8},"end":{"line":59,"column":68}},"8":{"start":{"line":61,"column":8},"end":{"line":61,"column":68}},"9":{"start":{"line":63,"column":8},"end":{"line":63,"column":82}},"10":{"start":{"line":65,"column":8},"end":{"line":65,"column":101}},"11":{"start":{"line":67,"column":8},"end":{"line":67,"column":45}},"12":{"start":{"line":68,"column":8},"end":{"line":68,"column":66}},"13":{"start":{"line":73,"column":8},"end":{"line":73,"column":2347}},"14":{"start":{"line":74,"column":12},"end":{"line":74,"column":33}},"15":{"start":{"line":79,"column":8},"end":{"line":79,"column":2539}},"16":{"start":{"line":80,"column":12},"end":{"line":80,"column":75}},"17":{"start":{"line":80,"column":64},"end":{"line":80,"column":75}},"18":{"start":{"line":82,"column":8},"end":{"line":82,"column":20}},"19":{"start":{"line":86,"column":8},"end":{"line":86,"column":57}},"20":{"start":{"line":87,"column":8},"end":{"line":87,"column":46}},"21":{"start":{"line":92,"column":8},"end":{"line":92,"column":46}},"22":{"start":{"line":97,"column":8},"end":{"line":97,"column":3263}},"23":{"start":{"line":98,"column":12},"end":{"line":98,"column":63}},"24":{"start":{"line":99,"column":14},"end":{"line":99,"column":65}},"25":{"start":{"line":104,"column":8},"end":{"line":104,"column":68}},"26":{"start":{"line":105,"column":8},"end":{"line":105,"column":68}},"27":{"start":{"line":106,"column":8},"end":{"line":106,"column":101}},"28":{"start":{"line":108,"column":8},"end":{"line":108,"column":62}},"29":{"start":{"line":109,"column":8},"end":{"line":109,"column":73}},"30":{"start":{"line":110,"column":8},"end":{"line":110,"column":41}},"31":{"start":{"line":115,"column":8},"end":{"line":115,"column":62}},"32":{"start":{"line":116,"column":8},"end":{"line":116,"column":36}},"33":{"start":{"line":121,"column":8},"end":{"line":121,"column":26}}},"branchMap":{"1":{"line":41,"type":"if","locations":[{"start":{"line":41,"column":8},"end":{"line":41,"column":8}},{"start":{"line":41,"column":8},"end":{"line":41,"column":8}}]},"2":{"line":42,"type":"if","locations":[{"start":{"line":42,"column":8},"end":{"line":42,"column":8}},{"start":{"line":42,"column":8},"end":{"line":42,"column":8}}]},"3":{"line":51,"type":"if","locations":[{"start":{"line":51,"column":8},"end":{"line":51,"column":8}},{"start":{"line":51,"column":8},"end":{"line":51,"column":8}}]},"4":{"line":59,"type":"if","locations":[{"start":{"line":59,"column":8},"end":{"line":59,"column":8}},{"start":{"line":59,"column":8},"end":{"line":59,"column":8}}]},"5":{"line":61,"type":"if","locations":[{"start":{"line":61,"column":8},"end":{"line":61,"column":8}},{"start":{"line":61,"column":8},"end":{"line":61,"column":8}}]},"6":{"line":63,"type":"if","locations":[{"start":{"line":63,"column":8},"end":{"line":63,"column":8}},{"start":{"line":63,"column":8},"end":{"line":63,"column":8}}]},"7":{"line":65,"type":"if","locations":[{"start":{"line":65,"column":8},"end":{"line":65,"column":8}},{"start":{"line":65,"column":8},"end":{"line":65,"column":8}}]},"8":{"line":73,"type":"if","locations":[{"start":{"line":73,"column":8},"end":{"line":73,"column":8}},{"start":{"line":73,"column":8},"end":{"line":73,"column":8}}]},"9":{"line":80,"type":"if","locations":[{"start":{"line":80,"column":12},"end":{"line":80,"column":12}},{"start":{"line":80,"column":12},"end":{"line":80,"column":12}}]},"10":{"line":97,"type":"if","locations":[{"start":{"line":97,"column":8},"end":{"line":97,"column":8}},{"start":{"line":97,"column":8},"end":{"line":97,"column":8}}]},"11":{"line":104,"type":"if","locations":[{"start":{"line":104,"column":8},"end":{"line":104,"column":8}},{"start":{"line":104,"column":8},"end":{"line":104,"column":8}}]},"12":{"line":105,"type":"if","locations":[{"start":{"line":105,"column":8},"end":{"line":105,"column":8}},{"start":{"line":105,"column":8},"end":{"line":105,"column":8}}]},"13":{"line":106,"type":"if","locations":[{"start":{"line":106,"column":8},"end":{"line":106,"column":8}},{"start":{"line":106,"column":8},"end":{"line":106,"column":8}}]}}},
"contracts/Encryption.sol":{"l":{},"path":"/Users/melise/Desktop/ChainTalk/contracts/Encryption.sol","s":{},"b":{},"f":{},"fnMap":{},"statementMap":{},"branchMap":{}},
"contracts/MessageStorage.sol":{"l":{"27":6,"36":6,"37":6,"39":6,"44":7,"49":1,"54":1,"58":1,"64":1},"path":"/Users/melise/Desktop/ChainTalk/contracts/MessageStorage.sol","s":{"1":6,"2":6,"3":6,"4":6,"5":7,"6":1,"7":1},"b":{"1":[1,0],"2":[1,0]},"f":{"1":6,"2":7,"3":1,"4":1},"fnMap":{"1":{"name":"sendMessage","line":26,"loc":{"start":{"line":26,"column":4},"end":{"line":40,"column":4}}},"2":{"name":"getMyMessages","line":43,"loc":{"start":{"line":43,"column":4},"end":{"line":45,"column":4}}},"3":{"name":"markAsRead","line":48,"loc":{"start":{"line":48,"column":4},"end":{"line":55,"column":4}}},"4":{"name":"deleteMessage","line":57,"loc":{"start":{"line":57,"column":4},"end":{"line":65,"column":4}}}},"statementMap":{"1":{"start":{"line":27,"column":8},"end":{"line":27,"column":993}},"2":{"start":{"line":36,"column":8},"end":{"line":36,"column":48}},"3":{"start":{"line":37,"column":8},"end":{"line":37,"column":48}},"4":{"start":{"line":39,"column":8},"end":{"line":39,"column":58}},"5":{"start":{"line":44,"column":8},"end":{"line":44,"column":39}},"6":{"start":{"line":49,"column":8},"end":{"line":49,"column":1704}},"7":{"start":{"line":58,"column":8},"end":{"line":58,"column":1959}}},"branchMap":{"1":{"line":49,"type":"if","locations":[{"start":{"line":49,"column":8},"end":{"line":49,"column":8}},{"start":{"line":49,"column":8},"end":{"line":49,"column":8}}]},"2":{"line":58,"type":"if","locations":[{"start":{"line":58,"column":8},"end":{"line":58,"column":8}},{"start":{"line":58,"column":8},"end":{"line":58,"column":8}}]}}},
"contracts/UserRegistrationAndAuthentication.sol":{"l":{"38":0,"40":0,"48":0,"50":0,"59":0,"61":0,"66":0,"68":0,"73":0,"74":0,"78":0,"81":0,"82":0,"83":0,"84":0,"85":0,"88":0,"89":0,"90":0,"93":0,"94":0,"98":0,"99":0},"path":"/Users/melise/Desktop/ChainTalk/contracts/UserRegistrationAndAuthentication.sol","s":{"1":0,"2":0,"3":0,"4":0,"5":0,"6":0,"7":0,"8":0,"9":0,"10":0,"11":0,"12":0,"13":0,"14":0,"15":0,"16":0,"17":0,"18":0,"19":0,"20":0},"b":{"1":[0,0],"2":[0,0],"3":[0,0],"4":[0,0],"5":[0,0],"6":[0,0],"7":[0,0],"8":[0,0],"9":[0,0]},"f":{"1":0,"2":0,"3":0,"4":0,"5":0},"fnMap":{"1":{"name":"registerUser","line":33,"loc":{"start":{"line":33,"column":4},"end":{"line":51,"column":4}}},"2":{"name":"getMyUserInfo","line":54,"loc":{"start":{"line":54,"column":4},"end":{"line":62,"column":4}}},"3":{"name":"authenticate","line":65,"loc":{"start":{"line":65,"column":4},"end":{"line":69,"column":4}}},"4":{"name":"addFriend","line":71,"loc":{"start":{"line":71,"column":4},"end":{"line":95,"column":4}}},"5":{"name":"getMyFriendList","line":97,"loc":{"start":{"line":97,"column":4},"end":{"line":100,"column":4}}}},"statementMap":{"1":{"start":{"line":38,"column":8},"end":{"line":38,"column":74}},"2":{"start":{"line":40,"column":8},"end":{"line":40,"column":1274}},"3":{"start":{"line":50,"column":8},"end":{"line":50,"column":54}},"4":{"start":{"line":59,"column":8},"end":{"line":59,"column":69}},"5":{"start":{"line":61,"column":8},"end":{"line":61,"column":94}},"6":{"start":{"line":66,"column":8},"end":{"line":66,"column":69}},"7":{"start":{"line":68,"column":8},"end":{"line":68,"column":62}},"8":{"start":{"line":73,"column":8},"end":{"line":73,"column":70}},"9":{"start":{"line":74,"column":8},"end":{"line":74,"column":2477}},"10":{"start":{"line":78,"column":8},"end":{"line":78,"column":75}},"11":{"start":{"line":81,"column":8},"end":{"line":81,"column":29}},"12":{"start":{"line":82,"column":8},"end":{"line":82,"column":2757}},"13":{"start":{"line":83,"column":12},"end":{"line":83,"column":2841}},"14":{"start":{"line":88,"column":8},"end":{"line":88,"column":52}},"15":{"start":{"line":89,"column":8},"end":{"line":89,"column":56}},"16":{"start":{"line":90,"column":8},"end":{"line":90,"column":51}},"17":{"start":{"line":93,"column":8},"end":{"line":93,"column":56}},"18":{"start":{"line":94,"column":8},"end":{"line":94,"column":51}},"19":{"start":{"line":98,"column":8},"end":{"line":98,"column":68}},"20":{"start":{"line":99,"column":8},"end":{"line":99,"column":43}}},"branchMap":{"1":{"line":38,"type":"if","locations":[{"start":{"line":38,"column":8},"end":{"line":38,"column":8}},{"start":{"line":38,"column":8},"end":{"line":38,"column":8}}]},"2":{"line":59,"type":"if","locations":[{"start":{"line":59,"column":8},"end":{"line":59,"column":8}},{"start":{"line":59,"column":8},"end":{"line":59,"column":8}}]},"3":{"line":66,"type":"if","locations":[{"start":{"line":66,"column":8},"end":{"line":66,"column":8}},{"start":{"line":66,"column":8},"end":{"line":66,"column":8}}]},"4":{"line":73,"type":"if","locations":[{"start":{"line":73,"column":8},"end":{"line":73,"column":8}},{"start":{"line":73,"column":8},"end":{"line":73,"column":8}}]},"5":{"line":74,"type":"if","locations":[{"start":{"line":74,"column":8},"end":{"line":74,"column":8}},{"start":{"line":74,"column":8},"end":{"line":74,"column":8}}]},"6":{"line":78,"type":"if","locations":[{"start":{"line":78,"column":8},"end":{"line":78,"column":8}},{"start":{"line":78,"column":8},"end":{"line":78,"column":8}}]},"7":{"line":83,"type":"if","locations":[{"start":{"line":83,"column":12},"end":{"line":83,"column":12}},{"start":{"line":83,"column":12},"end":{"line":83,"column":12}}]},"8":{"line":88,"type":"if","locations":[{"start":{"line":88,"column":8},"end":{"line":88,"column":8}},{"start":{"line":88,"column":8},"end":{"line":88,"column":8}}]},"9":{"line":98,"type":"if","locations":[{"start":{"line":98,"column":8},"end":{"line":98,"column":8}},{"start":{"line":98,"column":8},"end":{"line":98,"column":8}}]}}}}
