TN:
SF:/Users/melise/Desktop/fyp/fyp/ChainTalk copy b/BackEnd/contracts/ChatApp.sol
FN:34,checkUserExist
FN:39,createAccount
FN:50,getUsername
FN:57,addFriend
FN:71,checkAlreadyFriends
FN:85,_addFriend
FN:91,getMyFriendList
FN:96,_getChatCode
FN:103,sendMessage
FN:114,readMessage
FN:120,getAllAppUser
FNF:11
FNH:0
FNDA:0,checkUserExist
FNDA:0,createAccount
FNDA:0,getUsername
FNDA:0,addFriend
FNDA:0,checkAlreadyFriends
FNDA:0,_addFriend
FNDA:0,getMyFriendList
FNDA:0,_getChatCode
FNDA:0,sendMessage
FNDA:0,readMessage
FNDA:0,getAllAppUser
DA:35,0
DA:41,0
DA:42,0
DA:45,0
DA:46,0
DA:51,0
DA:53,0
DA:59,0
DA:61,0
DA:63,0
DA:65,0
DA:67,0
DA:68,0
DA:73,0
DA:74,0
DA:75,0
DA:76,0
DA:79,0
DA:80,0
DA:82,0
DA:86,0
DA:87,0
DA:92,0
DA:97,0
DA:98,0
DA:104,0
DA:105,0
DA:106,0
DA:108,0
DA:109,0
DA:110,0
DA:115,0
DA:116,0
DA:121,0
LF:34
LH:0
BRDA:41,1,0,0
BRDA:41,1,1,0
BRDA:42,2,0,0
BRDA:42,2,1,0
BRDA:51,3,0,0
BRDA:51,3,1,0
BRDA:59,4,0,0
BRDA:59,4,1,0
BRDA:61,5,0,0
BRDA:61,5,1,0
BRDA:63,6,0,0
BRDA:63,6,1,0
BRDA:65,7,0,0
BRDA:65,7,1,0
BRDA:73,8,0,0
BRDA:73,8,1,0
BRDA:80,9,0,0
BRDA:80,9,1,0
BRDA:97,10,0,0
BRDA:97,10,1,0
BRDA:104,11,0,0
BRDA:104,11,1,0
BRDA:105,12,0,0
BRDA:105,12,1,0
BRDA:106,13,0,0
BRDA:106,13,1,0
BRF:26
BRH:0
end_of_record
TN:
SF:/Users/melise/Desktop/fyp/fyp/ChainTalk copy b/BackEnd/contracts/ERC735.sol
FN:54,getClaim
FN:79,getClaimIdsByType
FN:85,addClaim
FN:115,removeClaim
FNF:4
FNH:0
FNDA:0,getClaim
FNDA:0,getClaimIdsByType
FNDA:0,addClaim
FNDA:0,removeClaim
DA:68,0
DA:69,0
DA:82,0
DA:93,0
DA:94,0
DA:102,0
DA:103,0
DA:112,0
DA:116,0
DA:117,0
DA:119,0
DA:120,0
DA:121,0
DA:122,0
DA:123,0
DA:124,0
DA:126,0
DA:127,0
DA:131,0
DA:140,0
LF:20
LH:0
BRDA:116,1,0,0
BRDA:116,1,1,0
BRDA:122,2,0,0
BRDA:122,2,1,0
BRDA:123,3,0,0
BRDA:123,3,1,0
BRF:6
BRH:0
end_of_record
TN:
SF:/Users/melise/Desktop/fyp/fyp/ChainTalk copy b/BackEnd/contracts/MessageStorage.sol
FN:34,sendMessage
FN:59,_getChatCode
FN:73,readFriendMessage
FN:104,sortMessagesByTimestamp
FN:119,getMyMessages
FN:124,markAsRead
FN:133,deleteMessage
FN:143,
FNF:8
FNH:5
FNDA:6,sendMessage
FNDA:6,_getChatCode
FNDA:0,readFriendMessage
FNDA:0,sortMessagesByTimestamp
FNDA:7,getMyMessages
FNDA:1,markAsRead
FNDA:1,deleteMessage
FNDA:0,
DA:35,6
DA:44,6
DA:50,6
DA:52,6
DA:53,6
DA:54,6
DA:56,6
DA:63,6
DA:76,0
DA:77,0
DA:79,0
DA:80,0
DA:82,0
DA:83,0
DA:87,0
DA:89,0
DA:90,0
DA:91,0
DA:94,0
DA:95,0
DA:96,0
DA:99,0
DA:101,0
DA:107,0
DA:108,0
DA:109,0
DA:110,0
DA:111,0
DA:112,0
DA:120,7
DA:125,1
DA:130,1
DA:134,1
DA:140,1
LF:34
LH:13
BRDA:109,1,0,0
BRDA:109,1,1,0
BRDA:125,2,0,1
BRDA:125,2,1,0
BRDA:134,3,0,1
BRDA:134,3,1,0
BRF:6
BRH:2
end_of_record
TN:
SF:/Users/melise/Desktop/fyp/fyp/ChainTalk copy b/BackEnd/contracts/Soulbound.sol
FN:14,constructor
FN:16,_beforeTokenTransfer
FN:25,getTokenCounter
FN:29,safeMint
FN:36,_burn
FN:49,tokenURI
FN:62,_baseURI
FNF:7
FNH:3
FNDA:6,constructor
FNDA:5,_beforeTokenTransfer
FNDA:0,getTokenCounter
FNDA:3,safeMint
FNDA:0,_burn
FNDA:0,tokenURI
FNDA:0,_baseURI
DA:21,5
DA:22,3
DA:26,0
DA:30,3
DA:31,3
DA:39,0
DA:52,0
DA:54,0
DA:55,0
DA:56,0
DA:58,0
DA:63,0
LF:12
LH:4
BRDA:21,1,0,3
BRDA:21,1,1,2
BRDA:52,2,0,0
BRDA:52,2,1,0
BRDA:55,3,0,0
BRDA:55,3,1,0
BRF:6
BRH:2
end_of_record
TN:
SF:/Users/melise/Desktop/fyp/fyp/ChainTalk copy b/BackEnd/contracts/UserRegistrationAndAuthentication.sol
FN:59,constructor
FN:67,deployIdentityContract
FN:73,registerUser
FN:163,checkUserExists
FN:168,getMyUserInfo
FN:182,checkUserExist
FN:187,getUsername
FN:199,authenticate
FN:206,addFriend
FN:233,getMyFriendList
FN:239,getAllAppUser
FN:243,getUser
FN:254,uploadClaims
FN:284,getSoulboundTokenId
FN:291,getSoulboundTokenURI
FN:299,
FNF:16
FNH:1
FNDA:3,constructor
FNDA:0,deployIdentityContract
FNDA:0,registerUser
FNDA:0,checkUserExists
FNDA:0,getMyUserInfo
FNDA:0,checkUserExist
FNDA:0,getUsername
FNDA:0,authenticate
FNDA:0,addFriend
FNDA:0,getMyFriendList
FNDA:0,getAllAppUser
FNDA:0,getUser
FNDA:0,uploadClaims
FNDA:0,getSoulboundTokenId
FNDA:0,getSoulboundTokenURI
FNDA:0,
DA:60,3
DA:68,0
DA:69,0
DA:78,0
DA:80,0
DA:89,0
DA:92,0
DA:93,0
DA:94,0
DA:97,0
DA:98,0
DA:106,0
DA:114,0
DA:122,0
DA:123,0
DA:131,0
DA:132,0
DA:133,0
DA:141,0
DA:142,0
DA:150,0
DA:158,0
DA:160,0
DA:164,0
DA:173,0
DA:175,0
DA:183,0
DA:188,0
DA:190,0
DA:200,0
DA:202,0
DA:203,0
DA:208,0
DA:209,0
DA:213,0
DA:216,0
DA:217,0
DA:218,0
DA:219,0
DA:220,0
DA:223,0
DA:224,0
DA:225,0
DA:228,0
DA:229,0
DA:234,0
DA:235,0
DA:240,0
DA:246,0
DA:247,0
DA:248,0
DA:251,0
DA:255,0
DA:258,0
DA:259,0
DA:262,0
DA:265,0
DA:268,0
DA:278,0
DA:281,0
DA:287,0
DA:288,0
DA:294,0
DA:295,0
DA:296,0
LF:65
LH:1
BRDA:78,1,0,0
BRDA:78,1,1,0
BRDA:173,2,0,0
BRDA:173,2,1,0
BRDA:188,3,0,0
BRDA:188,3,1,0
BRDA:200,4,0,0
BRDA:200,4,1,0
BRDA:208,5,0,0
BRDA:208,5,1,0
BRDA:209,6,0,0
BRDA:209,6,1,0
BRDA:213,7,0,0
BRDA:213,7,1,0
BRDA:218,8,0,0
BRDA:218,8,1,0
BRDA:223,9,0,0
BRDA:223,9,1,0
BRDA:234,10,0,0
BRDA:234,10,1,0
BRDA:247,11,0,0
BRDA:247,11,1,0
BRDA:255,12,0,0
BRDA:255,12,1,0
BRDA:287,13,0,0
BRDA:287,13,1,0
BRDA:294,14,0,0
BRDA:294,14,1,0
BRF:28
BRH:0
end_of_record
