TN:
SF:/Users/melise/Desktop/ChainTalk/contracts/ChatApp.sol
FN:34,checkUserExist
FN:39,createAccount
FN:50,getUsername
FN:57,addFriend
FN:71,checkAlreadyFriends
FN:85,_addFriend
FN:91,getMyFriendList
FN:96,_getChatCode
FN:103,sendMessage
FN:114,readMessage
FN:120,getAllAppUser
FNF:11
FNH:0
FNDA:0,checkUserExist
FNDA:0,createAccount
FNDA:0,getUsername
FNDA:0,addFriend
FNDA:0,checkAlreadyFriends
FNDA:0,_addFriend
FNDA:0,getMyFriendList
FNDA:0,_getChatCode
FNDA:0,sendMessage
FNDA:0,readMessage
FNDA:0,getAllAppUser
DA:35,0
DA:41,0
DA:42,0
DA:45,0
DA:46,0
DA:51,0
DA:53,0
DA:59,0
DA:61,0
DA:63,0
DA:65,0
DA:67,0
DA:68,0
DA:73,0
DA:74,0
DA:75,0
DA:76,0
DA:79,0
DA:80,0
DA:82,0
DA:86,0
DA:87,0
DA:92,0
DA:97,0
DA:98,0
DA:104,0
DA:105,0
DA:106,0
DA:108,0
DA:109,0
DA:110,0
DA:115,0
DA:116,0
DA:121,0
LF:34
LH:0
BRDA:41,1,0,0
BRDA:41,1,1,0
BRDA:42,2,0,0
BRDA:42,2,1,0
BRDA:51,3,0,0
BRDA:51,3,1,0
BRDA:59,4,0,0
BRDA:59,4,1,0
BRDA:61,5,0,0
BRDA:61,5,1,0
BRDA:63,6,0,0
BRDA:63,6,1,0
BRDA:65,7,0,0
BRDA:65,7,1,0
BRDA:73,8,0,0
BRDA:73,8,1,0
BRDA:80,9,0,0
BRDA:80,9,1,0
BRDA:97,10,0,0
BRDA:97,10,1,0
BRDA:104,11,0,0
BRDA:104,11,1,0
BRDA:105,12,0,0
BRDA:105,12,1,0
BRDA:106,13,0,0
BRDA:106,13,1,0
BRF:26
BRH:0
end_of_record
TN:
SF:/Users/melise/Desktop/ChainTalk/contracts/Encryption.sol
FNF:0
FNH:0
LF:0
LH:0
BRF:0
BRH:0
end_of_record
TN:
SF:/Users/melise/Desktop/ChainTalk/contracts/MessageStorage.sol
FN:26,sendMessage
FN:43,getMyMessages
FN:48,markAsRead
FN:57,deleteMessage
FNF:4
FNH:4
FNDA:6,sendMessage
FNDA:7,getMyMessages
FNDA:1,markAsRead
FNDA:1,deleteMessage
DA:27,6
DA:36,6
DA:37,6
DA:39,6
DA:44,7
DA:49,1
DA:54,1
DA:58,1
DA:64,1
LF:9
LH:9
BRDA:49,1,0,1
BRDA:49,1,1,0
BRDA:58,2,0,1
BRDA:58,2,1,0
BRF:4
BRH:2
end_of_record
TN:
SF:/Users/melise/Desktop/ChainTalk/contracts/UserRegistrationAndAuthentication.sol
FN:33,registerUser
FN:54,getMyUserInfo
FN:65,authenticate
FN:71,addFriend
FN:97,getMyFriendList
FNF:5
FNH:0
FNDA:0,registerUser
FNDA:0,getMyUserInfo
FNDA:0,authenticate
FNDA:0,addFriend
FNDA:0,getMyFriendList
DA:38,0
DA:40,0
DA:48,0
DA:50,0
DA:59,0
DA:61,0
DA:66,0
DA:68,0
DA:73,0
DA:74,0
DA:78,0
DA:81,0
DA:82,0
DA:83,0
DA:84,0
DA:85,0
DA:88,0
DA:89,0
DA:90,0
DA:93,0
DA:94,0
DA:98,0
DA:99,0
LF:23
LH:0
BRDA:38,1,0,0
BRDA:38,1,1,0
BRDA:59,2,0,0
BRDA:59,2,1,0
BRDA:66,3,0,0
BRDA:66,3,1,0
BRDA:73,4,0,0
BRDA:73,4,1,0
BRDA:74,5,0,0
BRDA:74,5,1,0
BRDA:78,6,0,0
BRDA:78,6,1,0
BRDA:83,7,0,0
BRDA:83,7,1,0
BRDA:88,8,0,0
BRDA:88,8,1,0
BRDA:98,9,0,0
BRDA:98,9,1,0
BRF:18
BRH:0
end_of_record
